{
  "Unknown Test Framework": {
    "coverage": {
      "/home/ivan/ROR/Console-Codebreaker/lib/modules/difficulty.rb": {
        "lines": [
          1,
          1,
          1,
          2,
          2,
          2,
          2,
          null,
          null,
          null,
          1,
          2,
          2,
          2,
          null,
          null,
          1,
          3,
          0,
          0,
          2,
          1,
          null,
          null,
          null
        ]
      },
      "/home/ivan/ROR/Console-Codebreaker/lib/modules/registration.rb": {
        "lines": [
          1,
          1,
          1,
          1,
          1,
          1,
          1,
          1,
          1,
          1,
          null,
          0,
          null,
          null,
          null,
          null
        ]
      },
      "/home/ivan/ROR/Console-Codebreaker/lib/application.rb": {
        "lines": [
          null,
          null,
          null,
          null,
          1,
          1,
          1,
          1,
          1,
          null,
          1,
          1,
          1,
          1,
          1,
          1,
          1,
          1,
          1,
          null,
          null,
          null,
          1,
          1,
          1,
          1,
          0,
          0,
          null,
          0,
          null,
          null,
          null,
          1,
          1,
          1,
          1,
          1,
          1,
          1,
          0,
          0,
          0,
          null,
          null,
          null,
          1,
          1,
          1,
          1,
          8,
          1,
          1,
          1,
          null,
          8,
          null,
          null,
          null,
          1,
          8,
          8,
          7,
          7,
          0,
          null,
          6,
          null,
          1,
          null,
          null,
          null,
          1,
          6,
          0,
          0,
          0,
          0,
          null,
          null,
          6,
          null,
          null,
          null,
          1,
          0,
          0,
          null,
          null,
          1,
          12,
          0,
          null,
          0,
          null,
          null,
          null
        ]
      },
      "/home/ivan/ROR/Console-Codebreaker/config/initializers/locale.rb": {
        "lines": [
          1,
          null,
          1,
          null,
          1
        ]
      }
    },
    "timestamp": 1596060456
  },
  "RSpec": {
    "coverage": {
      "/home/ivan/ROR/Console-Codebreaker/codebreaker.rb": {
        "lines": [
          null,
          null,
          1,
          1,
          1,
          1,
          1,
          null,
          1,
          null,
          1,
          1,
          1
        ]
      },
      "/home/ivan/ROR/Console-Codebreaker/lib/modules/difficulty.rb": {
        "lines": [
          1,
          1,
          0,
          0,
          0,
          0,
          0,
          null,
          null,
          null,
          1,
          0,
          0,
          0,
          null,
          null,
          1,
          0,
          0,
          0,
          0,
          0,
          null,
          null,
          null
        ]
      },
      "/home/ivan/ROR/Console-Codebreaker/lib/modules/registration.rb": {
        "lines": [
          1,
          1,
          1,
          1,
          0,
          0,
          0,
          0,
          0,
          0,
          null,
          0,
          null,
          null,
          null,
          null
        ]
      },
      "/home/ivan/ROR/Console-Codebreaker/lib/application.rb": {
        "lines": [
          null,
          null,
          null,
          null,
          1,
          1,
          1,
          1,
          1,
          null,
          1,
          1,
          1,
          1,
          1,
          1,
          1,
          1,
          0,
          null,
          null,
          null,
          1,
          0,
          0,
          0,
          0,
          0,
          null,
          0,
          null,
          null,
          null,
          1,
          0,
          0,
          0,
          0,
          0,
          0,
          0,
          0,
          0,
          null,
          null,
          null,
          1,
          0,
          0,
          0,
          0,
          0,
          0,
          0,
          null,
          0,
          null,
          null,
          null,
          1,
          0,
          0,
          0,
          0,
          0,
          null,
          0,
          null,
          0,
          null,
          null,
          null,
          1,
          0,
          0,
          0,
          0,
          0,
          null,
          null,
          0,
          null,
          null,
          null,
          1,
          0,
          0,
          null,
          null,
          1,
          0,
          0,
          null,
          0,
          null,
          null,
          null
        ]
      },
      "/home/ivan/ROR/Console-Codebreaker/config/initializers/locale.rb": {
        "lines": [
          1,
          null,
          1,
          null,
          1
        ]
      }
    },
    "timestamp": 1596060559
  }
}
