{
  "Unknown Test Framework": {
    "coverage": {
      "/home/ivan/ROR/Console-Codebreaker/lib/modules/difficulty.rb": {
        "lines": [
          1,
          1,
          1,
          1,
          1,
          1,
          1,
          null,
          null,
          null,
          1,
          1,
          0,
          0,
          1,
          0,
          null,
          null,
          null
        ]
      },
      "/home/ivan/ROR/Console-Codebreaker/lib/modules/registration.rb": {
        "lines": [
          1,
          1,
          1,
          1,
          1,
          1,
          1,
          1,
          1,
          1,
          null,
          0,
          null,
          null,
          null,
          null
        ]
      },
      "/home/ivan/ROR/Console-Codebreaker/lib/application.rb": {
        "lines": [
          null,
          null,
          null,
          null,
          1,
          1,
          1,
          1,
          1,
          null,
          1,
          1,
          1,
          1,
          1,
          1,
          2,
          2,
          2,
          null,
          null,
          null,
          1,
          2,
          1,
          1,
          0,
          0,
          null,
          0,
          null,
          null,
          null,
          1,
          1,
          1,
          1,
          1,
          0,
          0,
          1,
          1,
          0,
          null,
          null,
          null,
          1,
          1,
          1,
          1,
          6,
          1,
          1,
          1,
          null,
          5,
          null,
          null,
          null,
          1,
          5,
          5,
          5,
          5,
          0,
          null,
          5,
          null,
          0,
          null,
          null,
          null,
          1,
          5,
          0,
          0,
          0,
          0,
          null,
          null,
          5,
          null,
          null,
          null,
          1,
          0,
          0,
          null,
          null,
          1,
          10,
          1,
          null,
          1,
          null,
          null,
          null
        ]
      },
      "/home/ivan/ROR/Console-Codebreaker/config/initializers/locale.rb": {
        "lines": [
          1,
          null,
          1,
          null,
          1
        ]
      }
    },
    "timestamp": 1596197041
  },
  "RSpec": {
    "coverage": {
      "/home/ivan/ROR/Console-Codebreaker/codebreaker.rb": {
        "lines": [
          null,
          null,
          1,
          1,
          1,
          1,
          1,
          null,
          1,
          null,
          1
        ]
      },
      "/home/ivan/ROR/Console-Codebreaker/lib/modules/difficulty.rb": {
        "lines": [
          1,
          1,
          11,
          11,
          11,
          11,
          11,
          null,
          null,
          null,
          1,
          13,
          8,
          1,
          1,
          3,
          null,
          null,
          null
        ]
      },
      "/home/ivan/ROR/Console-Codebreaker/lib/modules/registration.rb": {
        "lines": [
          1,
          1,
          1,
          1,
          9,
          9,
          9,
          9,
          9,
          8,
          null,
          1,
          null,
          null,
          null,
          null
        ]
      },
      "/home/ivan/ROR/Console-Codebreaker/lib/application.rb": {
        "lines": [
          null,
          null,
          null,
          null,
          1,
          1,
          1,
          1,
          1,
          null,
          1,
          1,
          1,
          9,
          9,
          9,
          9,
          9,
          9,
          null,
          null,
          null,
          1,
          9,
          9,
          2,
          1,
          1,
          null,
          5,
          null,
          null,
          null,
          1,
          9,
          9,
          9,
          7,
          2,
          2,
          5,
          2,
          3,
          null,
          null,
          null,
          1,
          7,
          7,
          7,
          12,
          2,
          2,
          2,
          null,
          10,
          null,
          null,
          null,
          1,
          10,
          10,
          10,
          5,
          2,
          null,
          2,
          null,
          1,
          null,
          null,
          null,
          1,
          2,
          1,
          1,
          1,
          1,
          null,
          null,
          1,
          null,
          null,
          null,
          1,
          1,
          5,
          null,
          null,
          1,
          48,
          7,
          null,
          7,
          null,
          null,
          null
        ]
      },
      "/home/ivan/ROR/Console-Codebreaker/config/initializers/locale.rb": {
        "lines": [
          1,
          null,
          1,
          null,
          1
        ]
      },
      "/home/ivan/ROR/Console-Codebreaker/spec/difficulty_spec.rb": {
        "lines": [
          1,
          null,
          1,
          5,
          null,
          1,
          1,
          4,
          4,
          null,
          null,
          1,
          1,
          1,
          1,
          1,
          null,
          null,
          1,
          1,
          1,
          1,
          1,
          null,
          null,
          1,
          1,
          1,
          1,
          1,
          null,
          null,
          1,
          1,
          1,
          1,
          1,
          null,
          null,
          null
        ]
      },
      "/home/ivan/ROR/Console-Codebreaker/spec/menu_spec.rb": {
        "lines": [
          1,
          null,
          1,
          5,
          null,
          1,
          1,
          4,
          4,
          null,
          null,
          1,
          1,
          2,
          null,
          null,
          1,
          1,
          1,
          1,
          null,
          null,
          1,
          1,
          1,
          null,
          null,
          1,
          1,
          1,
          1,
          null,
          null,
          null
        ]
      },
      "/home/ivan/ROR/Console-Codebreaker/spec/registration_spec.rb": {
        "lines": [
          1,
          null,
          1,
          3,
          null,
          1,
          2,
          2,
          null,
          1,
          2,
          2,
          null,
          null,
          1,
          1,
          1,
          1,
          null,
          null,
          1,
          1,
          1,
          1,
          1,
          1,
          null,
          null,
          null
        ]
      },
      "/home/ivan/ROR/Console-Codebreaker/spec/start_spec.rb": {
        "lines": [
          1,
          null,
          1,
          7,
          null,
          6,
          null,
          1,
          1,
          6,
          null,
          null,
          1,
          1,
          3,
          3,
          3,
          null,
          null,
          1,
          1,
          1,
          2,
          1,
          1,
          null,
          null,
          1,
          1,
          1,
          2,
          1,
          null,
          null,
          1,
          1,
          1,
          2,
          1,
          null,
          null,
          null,
          1,
          1,
          1,
          1,
          null,
          null,
          1,
          1,
          1,
          1,
          2,
          null,
          null,
          null,
          1,
          1,
          1,
          1,
          null,
          null,
          1,
          1,
          1,
          1,
          2,
          1,
          null,
          null,
          null,
          1,
          1,
          2,
          1,
          null,
          null,
          null
        ]
      },
      "/home/ivan/ROR/Console-Codebreaker/spec/try_again_spec.rb": {
        "lines": [
          1,
          null,
          1,
          5,
          null,
          1,
          1,
          4,
          4,
          null,
          null,
          1,
          1,
          1,
          1,
          null,
          null,
          1,
          1,
          1,
          1,
          null,
          null,
          1,
          1,
          1,
          1,
          1,
          null,
          null,
          1,
          1,
          1,
          1,
          1,
          null,
          null,
          null
        ]
      }
    },
    "timestamp": 1596198923
  }
}
